<?xml version="1.0" encoding="UTF-8"?>
<!-- Generated by org.testng.reporters.JUnitReportReporter -->
<testsuite hostname="Lahari" name="com.example.tests.Test_Readdata" tests="2" failures="0" timestamp="29 Mar 2018 04:04:24 GMT" time="0.081" errors="0">
  <testcase name="loginTestCase" time="0.079" classname="com.example.tests.Test_Readdata"/>
  <testcase name="loginTestCase" time="0.002" classname="com.example.tests.Test_Readdata"/>
</testsuite> <!-- com.example.tests.Test_Readdata -->
