<?xml version="1.0" encoding="UTF-8"?>
<!-- Generated by org.testng.reporters.JUnitReportReporter -->
<testsuite hostname="Lahari" name="com.extra.Test123" tests="5" failures="0" timestamp="22 Mar 2018 04:36:09 GMT" time="0.114" errors="0">
  <testcase name="loginTest" time="0.007" classname="com.extra.Test123"/>
  <testcase name="loginTest" time="0.003" classname="com.extra.Test123"/>
  <testcase name="loginTest" time="0.004" classname="com.extra.Test123"/>
  <testcase name="loginTest" time="0.096" classname="com.extra.Test123"/>
  <testcase name="loginTest" time="0.004" classname="com.extra.Test123"/>
</testsuite> <!-- com.extra.Test123 -->
