<?xml version="1.0" encoding="UTF-8"?>
<!-- Generated by org.testng.reporters.JUnitReportReporter -->
<testsuite hostname="Lahari" name="com.example.tests.ProfileTest" tests="1" failures="0" timestamp="29 Mar 2018 04:44:47 GMT" time="34.457" errors="0">
  <testcase name="testProfile" time="34.457" classname="com.example.tests.ProfileTest"/>
</testsuite> <!-- com.example.tests.ProfileTest -->
